[
    {
        "code": 0,
        "type": "ERROR",
        "ertype": "error",
        "message": "Class 'Layout' not found",
        "file": "E:\\Codes-sources\\projets-web\\lab\\ivc\\web\\app\\views\\account\\login.php",
        "line": 11,
        "date": "19.04.2020 @ 14:32",
        "page": "192.168.137.1\/lab\/ivc\/web\/login",
        "referrer": null,
        "ip": "192.168.137.1",
        "user_agent": "Mozilla\/5.0 (Windows NT 10.0; Win64; x64) AppleWebKit\/537.36 (KHTML, like Gecko) Chrome\/80.0.3987.163 Safari\/537.36",
        "description": "An error of level 0(ERROR) was generated in file E:\\Codes-sources\\projets-web\\lab\\ivc\\web\\app\\views\\account\\login.php on line 11.\nThe error message was: \"Class 'Layout' not found\""
    },
    {
        "code": 1,
        "type": "E_ERROR",
        "ertype": "error",
        "message": "Class __ contains 1 abstract method and must therefore be declared abstract or implement the remaining methods (dFramework\\core\\Controller::index)",
        "file": "E:\\Codes-sources\\projets-web\\lab\\ivc\\web\\app\\controllers\\students\\__.php",
        "line": 2,
        "date": "19.04.2020 @ 03:14",
        "page": "192.168.137.1\/lab\/ivc\/web\/students",
        "referrer": null,
        "ip": "192.168.137.1",
        "user_agent": "Mozilla\/5.0 (Windows NT 10.0; Win64; x64) AppleWebKit\/537.36 (KHTML, like Gecko) Chrome\/80.0.3987.163 Safari\/537.36",
        "description": "An error of level 1(E_ERROR) was generated in file E:\\Codes-sources\\projets-web\\lab\\ivc\\web\\app\\controllers\\students\\__.php on line 2.\nThe error message was: \"Class __ contains 1 abstract method and must therefore be declared abstract or implement the remaining methods (dFramework\\core\\Controller::index)\""
    },
    {
        "code": 64,
        "type": "E_COMPILE_ERROR",
        "ertype": "error",
        "message": "dFramework\\core\\output\\View::create(): Failed opening required 'E:\\Codes-sources\\projets-web\\lab\\ivc\\web\\app\\views\\reserved\\layouts\\default.php' (include_path='C:\\xampp\\php\\PEAR')",
        "file": "E:\\Codes-sources\\projets-web\\lab\\ivc\\df-system\\core\\output\\View.php",
        "line": 126,
        "date": "19.04.2020 @ 03:11",
        "page": "192.168.137.1\/lab\/ivc\/web\/students",
        "referrer": null,
        "ip": "192.168.137.1",
        "user_agent": "Mozilla\/5.0 (Windows NT 10.0; Win64; x64) AppleWebKit\/537.36 (KHTML, like Gecko) Chrome\/80.0.3987.163 Safari\/537.36",
        "description": "An error of level 64(E_COMPILE_ERROR) was generated in file E:\\Codes-sources\\projets-web\\lab\\ivc\\df-system\\core\\output\\View.php on line 126.\nThe error message was: \"dFramework\\core\\output\\View::create(): Failed opening required 'E:\\Codes-sources\\projets-web\\lab\\ivc\\web\\app\\views\\reserved\\layouts\\default.php' (include_path='C:\\xampp\\php\\PEAR')\""
    },
    {
        "code": 1,
        "type": "E_ERROR",
        "ertype": "error",
        "message": "Class HomeController contains 1 abstract method and must therefore be declared abstract or implement the remaining methods (dFramework\\core\\Controller::index)",
        "file": "E:\\Codes-sources\\projets-web\\lab\\ivc\\web\\app\\controllers\\HomeController.php",
        "line": 2,
        "date": "19.04.2020 @ 03:11",
        "page": "192.168.137.1\/lab\/ivc\/web\/",
        "referrer": null,
        "ip": "192.168.137.1",
        "user_agent": "Mozilla\/5.0 (Windows NT 10.0; Win64; x64) AppleWebKit\/537.36 (KHTML, like Gecko) Chrome\/80.0.3987.163 Safari\/537.36",
        "description": "An error of level 1(E_ERROR) was generated in file E:\\Codes-sources\\projets-web\\lab\\ivc\\web\\app\\controllers\\HomeController.php on line 2.\nThe error message was: \"Class HomeController contains 1 abstract method and must therefore be declared abstract or implement the remaining methods (dFramework\\core\\Controller::index)\""
    },
    {
        "code": 64,
        "type": "E_COMPILE_ERROR",
        "ertype": "error",
        "message": "dFramework\\core\\output\\View::create(): Failed opening required 'E:\\Codes-sources\\projets-web\\lab\\ivc\\web\\app\\views\\home\\dashboard.php' (include_path='C:\\xampp\\php\\PEAR')",
        "file": "E:\\Codes-sources\\projets-web\\lab\\ivc\\df-system\\core\\output\\View.php",
        "line": 126,
        "date": "19.04.2020 @ 15:01",
        "page": "192.168.137.1\/lab\/ivc\/web\/?_=1587301254233",
        "referrer": "http:\/\/192.168.137.1\/lab\/ivc\/web\/courses",
        "ip": "192.168.137.1",
        "user_agent": "Mozilla\/5.0 (Windows NT 10.0; Win64; x64) AppleWebKit\/537.36 (KHTML, like Gecko) Chrome\/80.0.3987.163 Safari\/537.36",
        "description": "An error of level 64(E_COMPILE_ERROR) was generated in file E:\\Codes-sources\\projets-web\\lab\\ivc\\df-system\\core\\output\\View.php on line 126.\nThe error message was: \"dFramework\\core\\output\\View::create(): Failed opening required 'E:\\Codes-sources\\projets-web\\lab\\ivc\\web\\app\\views\\home\\dashboard.php' (include_path='C:\\xampp\\php\\PEAR')\""
    },
    {
        "code": 8,
        "type": "E_NOTICE",
        "ertype": "warning",
        "message": "Undefined variable: libJs",
        "file": "E:\\Codes-sources\\projets-web\\lab\\ivc\\web\\app\\views\\reserved\\layouts\\default.php",
        "line": 244,
        "date": "19.04.2020 @ 03:10",
        "page": "192.168.137.1\/lab\/ivc\/web\/",
        "referrer": null,
        "ip": "192.168.137.1",
        "user_agent": "Mozilla\/5.0 (Windows NT 10.0; Win64; x64) AppleWebKit\/537.36 (KHTML, like Gecko) Chrome\/80.0.3987.163 Safari\/537.36",
        "description": "An error of level 8(E_NOTICE) was generated in file E:\\Codes-sources\\projets-web\\lab\\ivc\\web\\app\\views\\reserved\\layouts\\default.php on line 244.\nThe error message was: \"Undefined variable: libJs\""
    },
    {
        "code": 0,
        "type": "ERROR",
        "ertype": "error",
        "message": "Call to undefined function modry_url()",
        "file": "E:\\Codes-sources\\projets-web\\lab\\ivc\\web\\app\\views\\reserved\\layouts\\default.php",
        "line": 207,
        "date": "19.04.2020 @ 03:08",
        "page": "192.168.137.1\/lab\/ivc\/web\/",
        "referrer": null,
        "ip": "192.168.137.1",
        "user_agent": "Mozilla\/5.0 (Windows NT 10.0; Win64; x64) AppleWebKit\/537.36 (KHTML, like Gecko) Chrome\/80.0.3987.163 Safari\/537.36",
        "description": "An error of level 0(ERROR) was generated in file E:\\Codes-sources\\projets-web\\lab\\ivc\\web\\app\\views\\reserved\\layouts\\default.php on line 207.\nThe error message was: \"Call to undefined function modry_url()\""
    },
    {
        "code": 8,
        "type": "E_NOTICE",
        "ertype": "warning",
        "message": "Undefined variable: user",
        "file": "E:\\Codes-sources\\projets-web\\lab\\ivc\\web\\app\\views\\reserved\\layouts\\default.php",
        "line": 99,
        "date": "19.04.2020 @ 03:06",
        "page": "192.168.137.1\/lab\/ivc\/web\/",
        "referrer": null,
        "ip": "192.168.137.1",
        "user_agent": "Mozilla\/5.0 (Windows NT 10.0; Win64; x64) AppleWebKit\/537.36 (KHTML, like Gecko) Chrome\/80.0.3987.163 Safari\/537.36",
        "description": "An error of level 8(E_NOTICE) was generated in file E:\\Codes-sources\\projets-web\\lab\\ivc\\web\\app\\views\\reserved\\layouts\\default.php on line 99.\nThe error message was: \"Undefined variable: user\""
    },
    {
        "code": 8192,
        "type": "E_DEPRECATED",
        "ertype": "notice",
        "message": "Array and string offset access syntax with curly braces is deprecated",
        "file": "E:\\Codes-sources\\projets-web\\lab\\ivc\\df-system\\libraries\\Debug.php",
        "line": 98,
        "date": "19.04.2020 @ 02:41",
        "page": "192.168.137.1\/lab\/ivc\/web\/",
        "referrer": "http:\/\/192.168.137.1\/lab\/ivc\/",
        "ip": "192.168.137.1",
        "user_agent": "Mozilla\/5.0 (Windows NT 10.0; Win64; x64) AppleWebKit\/537.36 (KHTML, like Gecko) Chrome\/80.0.3987.163 Safari\/537.36",
        "description": "An error of level 8192(E_DEPRECATED) was generated in file E:\\Codes-sources\\projets-web\\lab\\ivc\\df-system\\libraries\\Debug.php on line 98.\nThe error message was: \"Array and string offset access syntax with curly braces is deprecated\""
    },
    {
        "code": 8192,
        "type": "E_DEPRECATED",
        "ertype": "notice",
        "message": "Array and string offset access syntax with curly braces is deprecated",
        "file": "E:\\Codes-sources\\projets-web\\lab\\ivc\\df-system\\libraries\\Debug.php",
        "line": 98,
        "date": "19.04.2020 @ 02:39",
        "page": "192.168.137.1\/lab\/ivc\/web\/",
        "referrer": "http:\/\/192.168.137.1\/lab\/ivc\/",
        "ip": "192.168.137.1",
        "user_agent": "Mozilla\/5.0 (Windows NT 10.0; Win64; x64) AppleWebKit\/537.36 (KHTML, like Gecko) Chrome\/80.0.3987.163 Safari\/537.36",
        "description": "An error of level 8192(E_DEPRECATED) was generated in file E:\\Codes-sources\\projets-web\\lab\\ivc\\df-system\\libraries\\Debug.php on line 98.\nThe error message was: \"Array and string offset access syntax with curly braces is deprecated\""
    },
    {
        "type": "E_ERROR",
        "ertype": "error",
        "code": 1,
        "message": "Uncaught Whoops\\Exception\\ErrorException: compact(): Undefined variable: level in E:\\Codes-sources\\projets-web\\lab\\ivc\\df-system\\core\\exception\\Log.php:128\nStack trace:\n#0 [internal function]: Whoops\\Run->handleError(8, 'compact(): Unde...', 'E:\\\\Codes-source...', 128, Array)\n#1 E:\\Codes-sources\\projets-web\\lab\\ivc\\df-system\\core\\exception\\Log.php(128): compact('level', 'type', 'ertype', 'code', 'message', 'file', 'line')\n#2 E:\\Codes-sources\\projets-web\\lab\\ivc\\df-system\\core\\exception\\Log.php(47): dFramework\\core\\exception\\Log->parseError('Array and strin...', 8192, 'E:\\\\Codes-source...', 98)\n#3 E:\\Codes-sources\\projets-web\\lab\\ivc\\df-system\\dependencies\\filp\\whoops\\src\\Whoops\\Handler\\CallbackHandler.php(50): dFramework\\core\\exception\\Log->register(Object(Whoops\\Exception\\ErrorException), Object(Whoops\\Exception\\Inspector), Object(Whoops\\Run))\n#4 E:\\Codes-sources\\projets-web\\lab\\ivc\\df-system\\dependencies\\filp\\whoops\\src\\Whoops\\Run.php(296): Whoops\\Handler\\CallbackHandler->handle(Object(Whoops\\Exception\\Erro",
        "file": "E:\\Codes-sources\\projets-web\\lab\\ivc\\df-system\\core\\exception\\Log.php",
        "line": 128,
        "date": "19.04.2020 @ 02:37",
        "page": "192.168.137.1\/lab\/ivc\/web\/",
        "referrer": "http:\/\/192.168.137.1\/lab\/ivc\/",
        "ip": "192.168.137.1",
        "user_agent": "Mozilla\/5.0 (Windows NT 10.0; Win64; x64) AppleWebKit\/537.36 (KHTML, like Gecko) Chrome\/80.0.3987.163 Safari\/537.36",
        "description": "An error of level 1(E_ERROR) was generated in file E:\\Codes-sources\\projets-web\\lab\\ivc\\df-system\\core\\exception\\Log.php on line 128.\nThe error message was: \"Uncaught Whoops\\Exception\\ErrorException: compact(): Undefined variable: level in E:\\Codes-sources\\projets-web\\lab\\ivc\\df-system\\core\\exception\\Log.php:128\nStack trace:\n#0 [internal function]: Whoops\\Run->handleError(8, 'compact(): Unde...', 'E:\\\\Codes-source...', 128, Array)\n#1 E:\\Codes-sources\\projets-web\\lab\\ivc\\df-system\\core\\exception\\Log.php(128): compact('level', 'type', 'ertype', 'code', 'message', 'file', 'line')\n#2 E:\\Codes-sources\\projets-web\\lab\\ivc\\df-system\\core\\exception\\Log.php(47): dFramework\\core\\exception\\Log->parseError('Array and strin...', 8192, 'E:\\\\Codes-source...', 98)\n#3 E:\\Codes-sources\\projets-web\\lab\\ivc\\df-system\\dependencies\\filp\\whoops\\src\\Whoops\\Handler\\CallbackHandler.php(50): dFramework\\core\\exception\\Log->register(Object(Whoops\\Exception\\ErrorException), Object(Whoops\\Exception\\Inspector), Object(Whoops\\Run))\n#4 E:\\Codes-sources\\projets-web\\lab\\ivc\\df-system\\dependencies\\filp\\whoops\\src\\Whoops\\Run.php(296): Whoops\\Handler\\CallbackHandler->handle(Object(Whoops\\Exception\\Erro\""
    },
    {
        "type": "E_NOTICE",
        "ertype": "warning",
        "code": 8,
        "message": "compact(): Undefined variable: level",
        "file": "E:\\Codes-sources\\projets-web\\lab\\ivc\\df-system\\core\\exception\\Log.php",
        "line": 128,
        "date": "19.04.2020 @ 02:37",
        "page": "192.168.137.1\/lab\/ivc\/web\/",
        "referrer": "http:\/\/192.168.137.1\/lab\/ivc\/",
        "ip": "192.168.137.1",
        "user_agent": "Mozilla\/5.0 (Windows NT 10.0; Win64; x64) AppleWebKit\/537.36 (KHTML, like Gecko) Chrome\/80.0.3987.163 Safari\/537.36",
        "description": "An error of level 8(E_NOTICE) was generated in file E:\\Codes-sources\\projets-web\\lab\\ivc\\df-system\\core\\exception\\Log.php on line 128.\nThe error message was: \"compact(): Undefined variable: level\""
    },
    {
        "type": "E_ERROR",
        "ertype": "error",
        "code": 1,
        "message": "Uncaught Whoops\\Exception\\ErrorException: compact(): Undefined variable: level in E:\\Codes-sources\\projets-web\\lab\\ivc\\df-system\\core\\exception\\Log.php:128\nStack trace:\n#0 [internal function]: Whoops\\Run->handleError(8, 'compact(): Unde...', 'E:\\\\Codes-source...', 128, Array)\n#1 E:\\Codes-sources\\projets-web\\lab\\ivc\\df-system\\core\\exception\\Log.php(128): compact('level', 'type', 'ertype', 'code', 'message', 'file', 'line')\n#2 E:\\Codes-sources\\projets-web\\lab\\ivc\\df-system\\core\\exception\\Log.php(47): dFramework\\core\\exception\\Log->parseError('Array and strin...', 8192, 'E:\\\\Codes-source...', 98)\n#3 E:\\Codes-sources\\projets-web\\lab\\ivc\\df-system\\dependencies\\filp\\whoops\\src\\Whoops\\Handler\\CallbackHandler.php(50): dFramework\\core\\exception\\Log->register(Object(Whoops\\Exception\\ErrorException), Object(Whoops\\Exception\\Inspector), Object(Whoops\\Run))\n#4 E:\\Codes-sources\\projets-web\\lab\\ivc\\df-system\\dependencies\\filp\\whoops\\src\\Whoops\\Run.php(296): Whoops\\Handler\\CallbackHandler->handle(Object(Whoops\\Exception\\Erro",
        "file": "E:\\Codes-sources\\projets-web\\lab\\ivc\\df-system\\core\\exception\\Log.php",
        "line": 128,
        "date": "19.04.2020 @ 02:36",
        "page": "192.168.137.1\/lab\/ivc\/web\/",
        "referrer": "http:\/\/192.168.137.1\/lab\/ivc\/",
        "ip": "192.168.137.1",
        "user_agent": "Mozilla\/5.0 (Windows NT 10.0; Win64; x64) AppleWebKit\/537.36 (KHTML, like Gecko) Chrome\/80.0.3987.163 Safari\/537.36",
        "description": "An error of level 1(E_ERROR) was generated in file E:\\Codes-sources\\projets-web\\lab\\ivc\\df-system\\core\\exception\\Log.php on line 128.\nThe error message was: \"Uncaught Whoops\\Exception\\ErrorException: compact(): Undefined variable: level in E:\\Codes-sources\\projets-web\\lab\\ivc\\df-system\\core\\exception\\Log.php:128\nStack trace:\n#0 [internal function]: Whoops\\Run->handleError(8, 'compact(): Unde...', 'E:\\\\Codes-source...', 128, Array)\n#1 E:\\Codes-sources\\projets-web\\lab\\ivc\\df-system\\core\\exception\\Log.php(128): compact('level', 'type', 'ertype', 'code', 'message', 'file', 'line')\n#2 E:\\Codes-sources\\projets-web\\lab\\ivc\\df-system\\core\\exception\\Log.php(47): dFramework\\core\\exception\\Log->parseError('Array and strin...', 8192, 'E:\\\\Codes-source...', 98)\n#3 E:\\Codes-sources\\projets-web\\lab\\ivc\\df-system\\dependencies\\filp\\whoops\\src\\Whoops\\Handler\\CallbackHandler.php(50): dFramework\\core\\exception\\Log->register(Object(Whoops\\Exception\\ErrorException), Object(Whoops\\Exception\\Inspector), Object(Whoops\\Run))\n#4 E:\\Codes-sources\\projets-web\\lab\\ivc\\df-system\\dependencies\\filp\\whoops\\src\\Whoops\\Run.php(296): Whoops\\Handler\\CallbackHandler->handle(Object(Whoops\\Exception\\Erro\""
    },
    {
        "type": "E_NOTICE",
        "ertype": "warning",
        "code": 8,
        "message": "compact(): Undefined variable: level",
        "file": "E:\\Codes-sources\\projets-web\\lab\\ivc\\df-system\\core\\exception\\Log.php",
        "line": 128,
        "date": "19.04.2020 @ 02:36",
        "page": "192.168.137.1\/lab\/ivc\/web\/",
        "referrer": "http:\/\/192.168.137.1\/lab\/ivc\/",
        "ip": "192.168.137.1",
        "user_agent": "Mozilla\/5.0 (Windows NT 10.0; Win64; x64) AppleWebKit\/537.36 (KHTML, like Gecko) Chrome\/80.0.3987.163 Safari\/537.36",
        "description": "An error of level 8(E_NOTICE) was generated in file E:\\Codes-sources\\projets-web\\lab\\ivc\\df-system\\core\\exception\\Log.php on line 128.\nThe error message was: \"compact(): Undefined variable: level\""
    }
]